f:\audiovideo\src\xplay2\x64\debug\vc140.pdb
f:\audiovideo\src\xplay2\x64\debug\xvideowidget.obj
f:\audiovideo\src\xplay2\x64\debug\xvideothread.obj
f:\audiovideo\src\xplay2\x64\debug\xresample.obj
f:\audiovideo\src\xplay2\x64\debug\xplay2.obj
f:\audiovideo\src\xplay2\x64\debug\xdemuxthread.obj
f:\audiovideo\src\xplay2\x64\debug\xdemux.obj
f:\audiovideo\src\xplay2\x64\debug\xdecodethread.obj
f:\audiovideo\src\xplay2\x64\debug\xdecode.obj
f:\audiovideo\src\xplay2\x64\debug\xaudiothread.obj
f:\audiovideo\src\xplay2\x64\debug\xaudioplay.obj
f:\audiovideo\src\xplay2\x64\debug\main.obj
f:\audiovideo\src\xplay2\x64\debug\moc_xvideowidget.obj
f:\audiovideo\src\xplay2\x64\debug\moc_xplay2.obj
f:\audiovideo\src\xplay2\x64\debug\qrc_xplay2.obj
f:\audiovideo\src\xplay2\generatedfiles\ui_xplay2.h
f:\audiovideo\src\xplay2\generatedfiles\debug\moc_xvideowidget.cpp
f:\audiovideo\src\xplay2\generatedfiles\qrc_xplay2.cpp
f:\audiovideo\src\xplay2\generatedfiles\debug\moc_xplay2.cpp
f:\audiovideo\bin\win64\xplay2.ilk
f:\audiovideo\bin\win64\xplay2.exe
f:\audiovideo\bin\win64\xplay2.pdb
f:\audiovideo\src\xplay2\..\..\bin\win64\xplay2.exe
f:\audiovideo\src\xplay2\x64\debug\xplay2.tlog\cl.command.1.tlog
f:\audiovideo\src\xplay2\x64\debug\xplay2.tlog\cl.read.1.tlog
f:\audiovideo\src\xplay2\x64\debug\xplay2.tlog\cl.write.1.tlog
f:\audiovideo\src\xplay2\x64\debug\xplay2.tlog\custombuild.command.1.tlog
f:\audiovideo\src\xplay2\x64\debug\xplay2.tlog\custombuild.read.1.tlog
f:\audiovideo\src\xplay2\x64\debug\xplay2.tlog\custombuild.write.1.tlog
f:\audiovideo\src\xplay2\x64\debug\xplay2.tlog\link.command.1.tlog
f:\audiovideo\src\xplay2\x64\debug\xplay2.tlog\link.read.1.tlog
f:\audiovideo\src\xplay2\x64\debug\xplay2.tlog\link.write.1.tlog
