f:\audiovideo\src\xrtmpstreamer\x64\debug\vc140.pdb
f:\audiovideo\src\xrtmpstreamer\x64\debug\xvideocapture.obj
f:\audiovideo\src\xrtmpstreamer\x64\debug\xrtmp.obj
f:\audiovideo\src\xrtmpstreamer\x64\debug\xmediaencode.obj
f:\audiovideo\src\xrtmpstreamer\x64\debug\xfilter.obj
f:\audiovideo\src\xrtmpstreamer\x64\debug\xdatathread.obj
f:\audiovideo\src\xrtmpstreamer\x64\debug\xdata.obj
f:\audiovideo\src\xrtmpstreamer\x64\debug\xcontroller.obj
f:\audiovideo\src\xrtmpstreamer\x64\debug\xbilateralfilter.obj
f:\audiovideo\src\xrtmpstreamer\x64\debug\xaudiorecord.obj
f:\audiovideo\src\xrtmpstreamer\x64\debug\main.obj
f:\audiovideo\src\xrtmpstreamer\x64\debug\moc_xrtmpstreamer.obj
f:\audiovideo\src\xrtmpstreamer\generatedfiles\debug\moc_xrtmpstreamer.cpp
f:\audiovideo\src\xrtmpstreamer\generatedfiles\ui_xrtmpstreamer.h
f:\audiovideo\src\xrtmpstreamer\generatedfiles\qrc_xrtmpstreamer.cpp
f:\audiovideo\src\xrtmpstreamer\x64\debug\xrtmpstreamer.tlog\cl.command.1.tlog
f:\audiovideo\src\xrtmpstreamer\x64\debug\xrtmpstreamer.tlog\cl.read.1.tlog
f:\audiovideo\src\xrtmpstreamer\x64\debug\xrtmpstreamer.tlog\cl.write.1.tlog
f:\audiovideo\src\xrtmpstreamer\x64\debug\xrtmpstreamer.tlog\custombuild.command.1.tlog
f:\audiovideo\src\xrtmpstreamer\x64\debug\xrtmpstreamer.tlog\custombuild.read.1.tlog
f:\audiovideo\src\xrtmpstreamer\x64\debug\xrtmpstreamer.tlog\custombuild.write.1.tlog
